Flutter crash report.
Please report a bug at https://github.com/flutter/flutter/issues.

## command

flutter debug_adapter

## exception

StateError: Bad state: Future already completed

```
#0      _Completer.completeError (dart:async/future_impl.dart:19:31)
#1      ThreadInfo.resolveUrisToPathsBatch.<anonymous closure> (package:dds/src/dap/isolate_manager.dart:1150:58)
#2      _LinkedHashMapMixin.forEach (dart:collection-patch/compact_hash.dart:633:13)
#3      ThreadInfo.resolveUrisToPathsBatch (package:dds/src/dap/isolate_manager.dart:1150:20)
<asynchronous suspension>
#4      ThreadInfo.resolveUrisToPackageLibPathsBatch (package:dds/src/dap/isolate_manager.dart:1103:21)
<asynchronous suspension>
#5      IsolateManager._sendLibraryDebuggables (package:dds/src/dap/isolate_manager.dart:927:5)
<asynchronous suspension>
#6      Future.wait.<anonymous closure> (dart:async/future.dart:523:21)
<asynchronous suspension>
#7      IsolateManager._configureIsolate (package:dds/src/dap/isolate_manager.dart:465:7)
<asynchronous suspension>
#8      IsolateManager._handlePause (package:dds/src/dap/isolate_manager.dart:559:7)
<asynchronous suspension>
#9      IsolateManager.handleEvent (package:dds/src/dap/isolate_manager.dart:212:7)
<asynchronous suspension>
#10     DartDebugAdapter.handleDebugEvent (package:dds/src/dap/adapters/dart.dart:2247:5)
<asynchronous suspension>
#11     DartDebugAdapter._withErrorHandling (package:dds/src/dap/adapters/dart.dart:2596:14)
<asynchronous suspension>
```

## flutter doctor

```
[!] Flutter (Channel stable, 3.16.0, on macOS 14.0 23A344 darwin-x64, locale en-US)
    • Flutter version 3.16.0 on channel stable at /Users/user/development/flutter
    ! Warning: `dart` on your path resolves to /usr/local/Cellar/dart/2.18.6/libexec/bin/dart, which is not inside your current Flutter SDK checkout at /Users/user/development/flutter. Consider adding /Users/user/development/flutter/bin to the front of your path.
    • Upstream repository https://github.com/flutter/flutter.git
    • Framework revision db7ef5bf9f (4 weeks ago), 2023-11-15 11:25:44 -0800
    • Engine revision 74d16627b9
    • Dart version 3.2.0
    • DevTools version 2.28.2
    • If those were intentional, you can disregard the above warnings; however it is recommended to use "git" directly to perform update checks and upgrades.

[✓] Android toolchain - develop for Android devices (Android SDK version 34.0.0)
    • Android SDK at /Users/user/Library/Android/sdk
    • Platform android-34, build-tools 34.0.0
    • Java binary at: /Applications/Android Studio.app/Contents/jbr/Contents/Home/bin/java
    • Java version OpenJDK Runtime Environment (build 17.0.6+0-17.0.6b829.9-10027231)
    • All Android licenses accepted.

[✓] Xcode - develop for iOS and macOS (Xcode 15.0)
    • Xcode at /Applications/Xcode.app/Contents/Developer
    • Build 15A240d
    • CocoaPods version 1.11.3

[✓] Chrome - develop for the web
    • Chrome at /Applications/Google Chrome.app/Contents/MacOS/Google Chrome

[✓] Android Studio (version 2022.3)
    • Android Studio at /Applications/Android Studio.app/Contents
    • Flutter plugin can be installed from:
      🔨 https://plugins.jetbrains.com/plugin/9212-flutter
    • Dart plugin can be installed from:
      🔨 https://plugins.jetbrains.com/plugin/6351-dart
    • Java version OpenJDK Runtime Environment (build 17.0.6+0-17.0.6b829.9-10027231)

[✓] IntelliJ IDEA Community Edition (version 2021.1.2)
    • IntelliJ at /Applications/IntelliJ IDEA CE.app
    • Flutter plugin version 71.2.1
    • Dart plugin version 211.7817

[✓] VS Code (version 1.85.0)
    • VS Code at /Applications/Visual Studio Code 2.app/Contents
    • Flutter extension version 3.78.0

[✓] Connected device (4 available)
    • iPhone SE (3rd generation) (mobile) • F0E60AE5-09AF-407D-95EC-D949DA1B9513 • ios            • com.apple.CoreSimulator.SimRuntime.iOS-17-0 (simulator)
    • iPhone 15 Pro Max (mobile)          • C03CCD52-E6A4-4253-B444-BDB0860AF907 • ios            • com.apple.CoreSimulator.SimRuntime.iOS-17-0 (simulator)
    • macOS (desktop)                     • macos                                • darwin-x64     • macOS 14.0 23A344 darwin-x64
    • Chrome (web)                        • chrome                               • web-javascript • Google Chrome 120.0.6099.109

[✓] Network resources
    • All expected network resources are available.

! Doctor found issues in 1 category.
```
